[INFO] Scanning for projects...
[INFO] 
[INFO] ----------------------< com.amblessed:ChinookAPI >----------------------
[INFO] Building ChinookAPI 0.0.1-SNAPSHOT
[INFO]   from pom.xml
[INFO] --------------------------------[ jar ]---------------------------------
[INFO] 
[INFO] >>> spring-boot:3.5.5:run (default-cli) > test-compile @ ChinookAPI >>>
[INFO] 
[INFO] --- resources:3.3.1:resources (default-resources) @ ChinookAPI ---
[INFO] Copying 1 resource from src\main\resources to target\classes
[INFO] Copying 0 resource from src\main\resources to target\classes
[INFO] 
[INFO] --- compiler:3.14.0:compile (default-compile) @ ChinookAPI ---
[INFO] Nothing to compile - all classes are up to date.
[INFO] 
[INFO] --- resources:3.3.1:testResources (default-testResources) @ ChinookAPI ---
[INFO] skip non existing resourceDirectory C:\Users\okeyb\Documents\Java\ChinookAPI\src\test\resources
[INFO] 
[INFO] --- compiler:3.14.0:testCompile (default-testCompile) @ ChinookAPI ---
[INFO] Nothing to compile - all classes are up to date.
[INFO] 
[INFO] <<< spring-boot:3.5.5:run (default-cli) < test-compile @ ChinookAPI <<<
[INFO] 
[INFO] 
[INFO] --- spring-boot:3.5.5:run (default-cli) @ ChinookAPI ---
[INFO] Attaching agents: []

  .   ____          _            __ _ _
 /\\ / ___'_ __ _ _(_)_ __  __ _ \ \ \ \
( ( )\___ | '_ | '_| | '_ \/ _` | \ \ \ \
 \\/  ___)| |_)| | | | | || (_| |  ) ) ) )
  '  |____| .__|_| |_|_| |_\__, | / / / /
 =========|_|==============|___/=/_/_/_/

 :: Spring Boot ::                (v3.5.5)

2025-09-03T06:31:23.654+02:00  INFO 22636 --- [ChinookAPI] [  restartedMain] c.a.chinookapi.ChinookApiApplication     : Starting ChinookApiApplication using Java 21.0.5 with PID 22636 (C:\Users\okeyb\Documents\Java\ChinookAPI\target\classes started by okeyb in C:\Users\okeyb\Documents\Java\ChinookAPI)
2025-09-03T06:31:23.654+02:00  INFO 22636 --- [ChinookAPI] [  restartedMain] c.a.chinookapi.ChinookApiApplication     : No active profile set, falling back to 1 default profile: "default"
2025-09-03T06:31:23.691+02:00  INFO 22636 --- [ChinookAPI] [  restartedMain] .e.DevToolsPropertyDefaultsPostProcessor : Devtools property defaults active! Set 'spring.devtools.add-properties' to 'false' to disable
2025-09-03T06:31:23.691+02:00  INFO 22636 --- [ChinookAPI] [  restartedMain] .e.DevToolsPropertyDefaultsPostProcessor : For additional web related logging consider setting the 'logging.level.web' property to 'DEBUG'
2025-09-03T06:31:24.178+02:00  INFO 22636 --- [ChinookAPI] [  restartedMain] .s.d.r.c.RepositoryConfigurationDelegate : Bootstrapping Spring Data JPA repositories in DEFAULT mode.
2025-09-03T06:31:24.216+02:00  INFO 22636 --- [ChinookAPI] [  restartedMain] .s.d.r.c.RepositoryConfigurationDelegate : Finished Spring Data repository scanning in 34 ms. Found 1 JPA repository interface.
2025-09-03T06:31:24.578+02:00  INFO 22636 --- [ChinookAPI] [  restartedMain] o.s.b.w.embedded.tomcat.TomcatWebServer  : Tomcat initialized with port 8080 (http)
2025-09-03T06:31:24.585+02:00  INFO 22636 --- [ChinookAPI] [  restartedMain] o.apache.catalina.core.StandardService   : Starting service [Tomcat]
2025-09-03T06:31:24.585+02:00  INFO 22636 --- [ChinookAPI] [  restartedMain] o.apache.catalina.core.StandardEngine    : Starting Servlet engine: [Apache Tomcat/10.1.44]
2025-09-03T06:31:24.621+02:00  INFO 22636 --- [ChinookAPI] [  restartedMain] o.a.c.c.C.[Tomcat].[localhost].[/]       : Initializing Spring embedded WebApplicationContext
2025-09-03T06:31:24.621+02:00  INFO 22636 --- [ChinookAPI] [  restartedMain] w.s.c.ServletWebServerApplicationContext : Root WebApplicationContext: initialization completed in 930 ms
2025-09-03T06:31:24.817+02:00  INFO 22636 --- [ChinookAPI] [  restartedMain] o.hibernate.jpa.internal.util.LogHelper  : HHH000204: Processing PersistenceUnitInfo [name: default]
2025-09-03T06:31:24.905+02:00  INFO 22636 --- [ChinookAPI] [  restartedMain] org.hibernate.Version                    : HHH000412: Hibernate ORM core version 6.6.26.Final
2025-09-03T06:31:24.935+02:00  INFO 22636 --- [ChinookAPI] [  restartedMain] o.h.c.internal.RegionFactoryInitiator    : HHH000026: Second-level cache disabled
2025-09-03T06:31:25.280+02:00  INFO 22636 --- [ChinookAPI] [  restartedMain] o.s.o.j.p.SpringPersistenceUnitInfo      : No LoadTimeWeaver setup: ignoring JPA class transformer
2025-09-03T06:31:25.317+02:00  WARN 22636 --- [ChinookAPI] [  restartedMain] org.hibernate.orm.deprecation            : HHH90000025: PostgreSQLDialect does not need to be specified explicitly using 'hibernate.dialect' (remove the property setting and it will be selected by default)
2025-09-03T06:31:25.331+02:00  INFO 22636 --- [ChinookAPI] [  restartedMain] org.hibernate.orm.connections.pooling    : HHH10001005: Database info:
	Database JDBC URL [undefined/unknown]
	Database driver: undefined/unknown
	Database version: 12.0
	Autocommit mode: undefined/unknown
	Isolation level: <unknown>
	Minimum pool size: undefined/unknown
	Maximum pool size: undefined/unknown
2025-09-03T06:31:25.991+02:00  INFO 22636 --- [ChinookAPI] [  restartedMain] o.h.e.t.j.p.i.JtaPlatformInitiator       : HHH000489: No JTA platform available (set 'hibernate.transaction.jta.platform' to enable JTA platform integration)
2025-09-03T06:31:26.012+02:00  INFO 22636 --- [ChinookAPI] [  restartedMain] com.zaxxer.hikari.HikariDataSource       : HikariPool-1 - Starting...
2025-09-03T06:31:26.161+02:00  INFO 22636 --- [ChinookAPI] [  restartedMain] com.zaxxer.hikari.pool.HikariPool        : HikariPool-1 - Added connection org.postgresql.jdbc.PgConnection@4d2f2082
2025-09-03T06:31:26.161+02:00  INFO 22636 --- [ChinookAPI] [  restartedMain] com.zaxxer.hikari.HikariDataSource       : HikariPool-1 - Start completed.
2025-09-03T06:31:26.247+02:00  INFO 22636 --- [ChinookAPI] [  restartedMain] j.LocalContainerEntityManagerFactoryBean : Initialized JPA EntityManagerFactory for persistence unit 'default'
2025-09-03T06:31:26.595+02:00  WARN 22636 --- [ChinookAPI] [  restartedMain] JpaBaseConfiguration$JpaWebConfiguration : spring.jpa.open-in-view is enabled by default. Therefore, database queries may be performed during view rendering. Explicitly configure spring.jpa.open-in-view to disable this warning
2025-09-03T06:31:26.853+02:00  INFO 22636 --- [ChinookAPI] [  restartedMain] o.s.b.d.a.OptionalLiveReloadServer       : LiveReload server is running on port 35729
2025-09-03T06:31:26.878+02:00  INFO 22636 --- [ChinookAPI] [  restartedMain] o.s.b.w.embedded.tomcat.TomcatWebServer  : Tomcat started on port 8080 (http) with context path '/'
2025-09-03T06:31:26.884+02:00  INFO 22636 --- [ChinookAPI] [  restartedMain] c.a.chinookapi.ChinookApiApplication     : Started ChinookApiApplication in 3.53 seconds (process running for 3.847)
2025-09-03T06:32:20.046+02:00  INFO 22636 --- [ChinookAPI] [nio-8080-exec-2] o.a.c.c.C.[Tomcat].[localhost].[/]       : Initializing Spring DispatcherServlet 'dispatcherServlet'
2025-09-03T06:32:20.046+02:00  INFO 22636 --- [ChinookAPI] [nio-8080-exec-2] o.s.web.servlet.DispatcherServlet        : Initializing Servlet 'dispatcherServlet'
2025-09-03T06:32:20.048+02:00  INFO 22636 --- [ChinookAPI] [nio-8080-exec-2] o.s.web.servlet.DispatcherServlet        : Completed initialization in 2 ms
